[debug] > Exec(__runWatch console0, Some(d6b94465-3779-45ad-b65e-9305f1012211), Some(CommandSource(console0)))
[debug] > Exec(sbtStashOnFailure, None, Some(CommandSource(console0)))
[debug] > Exec(__preWatch console0, None, Some(CommandSource(console0)))
[debug] > Exec(run, None, Some(CommandSource(console0)))
[debug] Evaluating tasks: Compile / run
[debug] Running task... Cancel: Signal, check cycles: false, forcegc: true
[info] compiling 3 Scala sources to /home/christoph/Documents/declarativeprogramming/FP2/target/scala-2.13/classes ...
[error] /home/christoph/Documents/declarativeprogramming/FP2/src/main/scala/FP2Exercise.scala:16:28: illegal start of simple expression
[error]   def fib(a : Int) : Int = match a {
[error]                            ^
[error] /home/christoph/Documents/declarativeprogramming/FP2/src/main/scala/FP2Exercise.scala:22:55: illegal start of simple expression
[error]     def fibtailinner(n2: Int, n1: Int, n: Int): Int = match n {
[error]                                                       ^
[error] two errors found
[debug] Forcing garbage collection...
[error] (Compile / compileIncremental) Compilation failed
[error] Total time: 0 s, completed Mar 29, 2023, 11:48:49 AM
[debug] > Exec(resumeFromFailure, None, Some(CommandSource(console0)))
[debug] > Exec(sbtPopOnFailure, None, Some(CommandSource(console0)))
[debug] > Exec(__postWatch console0, None, Some(CommandSource(console0)))
[debug] > Exec(resumeFromFailure, None, None)
[debug] > Exec(__waitWatch console0, None, None)
