[debug] > Exec(__runWatch console0, Some(60948d4a-ff26-494a-8459-9b5b69620540), Some(CommandSource(console0)))
[debug] > Exec(sbtStashOnFailure, None, Some(CommandSource(console0)))
[debug] > Exec(__preWatch console0, None, Some(CommandSource(console0)))
[debug] > Exec(run, None, Some(CommandSource(console0)))
[debug] Evaluating tasks: Compile / run
[debug] Running task... Cancel: Signal, check cycles: false, forcegc: true
[info] compiling 3 Scala sources to /home/christoph/Documents/declarativeprogramming/FP2/target/scala-2.13/classes ...
[error] /home/christoph/Documents/declarativeprogramming/FP2/src/main/scala/FP2Exercise.scala:29:7: `override` modifier required to override concrete member:
[error] def range(from: Int, to: Int): List[Int] (defined in trait FP2ExercisesProblems)
[error]   def range(from : Int, to : Int) : List[Int] =
[error]       ^
[error] /home/christoph/Documents/declarativeprogramming/FP2/src/main/scala/FP2Exercise.scala:50:7: `override` modifier required to override concrete member:
[error] def flatten(l: List[List[Int]]): List[Int] (defined in trait FP2ExercisesProblems)
[error]   def flatten(l : List[List[Int]]) : List[Int] = l match {
[error]       ^
[error] two errors found
[error] (Compile / compileIncremental) Compilation failed
[error] Total time: 0 s, completed Mar 29, 2023, 11:37:57 AM
[debug] > Exec(resumeFromFailure, None, Some(CommandSource(console0)))
[debug] > Exec(sbtPopOnFailure, None, Some(CommandSource(console0)))
[debug] > Exec(__postWatch console0, None, Some(CommandSource(console0)))
[debug] > Exec(resumeFromFailure, None, None)
[debug] > Exec(__waitWatch console0, None, None)
