[debug] > Exec(early(addDefaultCommands), None, None)
[debug] > Exec(addDefaultCommands, None, None)
[debug] > Exec(early(initialize), None, None)
[debug] > Exec(initialize, None, None)
[debug] > Exec(boot, None, None)
[debug] > Exec(writeSbtVersion, None, None)
[debug] > Exec(reload, None, None)
[debug] > Exec(sbtStashOnFailure, None, None)
[debug] > Exec(onFailure loadFailed, None, None)
[debug] > Exec(loadp, None, None)
[info] welcome to sbt 1.8.0 (Ubuntu Java 11.0.18)
[debug]       Load.loadUnit: plugins took 67.887131ms
[debug]       Load.loadUnit: defsScala took 0.22083ms
[debug] [Loading] Scanning directory /home/christoph/.sbt/1.0/plugins
[debug] [Loading] Found non-root projects 
[debug] [Loading] Done in /home/christoph/.sbt/1.0/plugins, returning: ()
[debug] deducing auto plugins based on known facts Set(Atom(sbt.plugins.CorePlugin)) and clauses Clauses(Clause(Atom(sbt.plugins.JvmPlugin),Set(Atom(sbt.plugins.IvyPlugin)))
[debug] Clause(Atom(sbt.ScriptedPlugin),Set(Atom(sbt.plugins.JvmPlugin)))
[debug] Clause(Atom(sbt.plugins.SbtPlugin),Set(Atom(sbt.ScriptedPlugin)))
[debug] Clause(Atom(sbt.plugins.SemanticdbPlugin),Set(Atom(sbt.plugins.JvmPlugin)))
[debug] Clause(Atom(sbt.plugins.JUnitXmlReportPlugin),Set(Atom(sbt.plugins.JvmPlugin)))
[debug] Clause(Atom(sbt.plugins.MiniDependencyTreePlugin),Set(Atom(sbt.plugins.JvmPlugin)))
[debug] Clause(Atom(sbt.plugins.CorePlugin),Set(Atom(sbt.plugins.IvyPlugin)))
[debug] Clause(Atom(sbt.plugins.IvyPlugin),Set(Atom(sbt.plugins.JvmPlugin)))
[debug] Clause(Atom(sbt.plugins.JvmPlugin),Set(Atom(sbt.plugins.SemanticdbPlugin)))
[debug] Clause(Atom(sbt.plugins.JvmPlugin),Set(Atom(sbt.plugins.JUnitXmlReportPlugin)))
[debug] Clause(Atom(sbt.plugins.CorePlugin),Set(Atom(sbt.plugins.Giter8TemplatePlugin)))
[debug] Clause(Atom(sbt.plugins.JvmPlugin),Set(Atom(sbt.plugins.MiniDependencyTreePlugin))))
[debug]   :: deduced result: Matched(sbt.plugins.CorePlugin,sbt.plugins.Giter8TemplatePlugin,sbt.plugins.IvyPlugin,sbt.plugins.JvmPlugin,sbt.plugins.MiniDependencyTreePlugin,sbt.plugins.JUnitXmlReportPlugin,sbt.plugins.SemanticdbPlugin)
[debug] Plugins.deducer#function took 15.268785 ms
[debug]           Load.resolveProject(global-plugins) took 41.675383ms
[debug]         Load.loadTransitive: finalizeProject(Project(id global-plugins, base: /home/christoph/.sbt/1.0/plugins, plugins: List(<none>))) took 80.255593ms
[debug] [Loading] Done in /home/christoph/.sbt/1.0/plugins, returning: (global-plugins)
[debug]       Load.loadUnit: loadedProjectsRaw took 93.894406ms
[debug]       Load.loadUnit: cleanEvalClasses took 0.23149ms
[debug]     Load.loadUnit(file:/home/christoph/.sbt/1.0/plugins/, ...) took 169.452035ms
[debug]   Load.apply: load took 314.775705ms
[debug]   Load.apply: resolveProjects took 5.708187ms
[debug]   Load.apply: finalTransforms took 58.290299ms
[debug]   Load.apply: config.delegates took 6.477717ms
[debug]   Load.apply: Def.make(settings)... took 333.824116ms
[debug]   Load.apply: structureIndex took 84.483368ms
[debug]   Load.apply: mkStreams took 1.313512ms
[info] loading global plugins from /home/christoph/.sbt/1.0/plugins
[debug] Running task... Cancel: Signal, check cycles: false, forcegc: true
[debug] Load.defaultLoad until apply took 1721.238082ms
[debug]           Load.loadUnit: plugins took 20.104911ms
[debug]           Load.loadUnit: defsScala took 0.00641ms
[debug] [Loading] Scanning directory /home/christoph/Documents/declarativeprogramming/FP2/project
[debug] [Loading] Found non-root projects 
[debug] [Loading] Done in /home/christoph/Documents/declarativeprogramming/FP2/project, returning: ()
[debug] deducing auto plugins based on known facts Set(Atom(sbt.plugins.CorePlugin)) and clauses Clauses(Clause(Atom(sbt.plugins.JvmPlugin),Set(Atom(sbt.plugins.IvyPlugin)))
[debug] Clause(Atom(sbt.ScriptedPlugin),Set(Atom(sbt.plugins.JvmPlugin)))
[debug] Clause(Atom(sbt.plugins.SbtPlugin),Set(Atom(sbt.ScriptedPlugin)))
[debug] Clause(Atom(sbt.plugins.SemanticdbPlugin),Set(Atom(sbt.plugins.JvmPlugin)))
[debug] Clause(Atom(sbt.plugins.JUnitXmlReportPlugin),Set(Atom(sbt.plugins.JvmPlugin)))
[debug] Clause(Atom(sbt.plugins.MiniDependencyTreePlugin),Set(Atom(sbt.plugins.JvmPlugin)))
[debug] Clause(Atom(sbt.plugins.CorePlugin),Set(Atom(sbt.plugins.IvyPlugin)))
[debug] Clause(Atom(sbt.plugins.IvyPlugin),Set(Atom(sbt.plugins.JvmPlugin)))
[debug] Clause(Atom(sbt.plugins.JvmPlugin),Set(Atom(sbt.plugins.SemanticdbPlugin)))
[debug] Clause(Atom(sbt.plugins.JvmPlugin),Set(Atom(sbt.plugins.JUnitXmlReportPlugin)))
[debug] Clause(Atom(sbt.plugins.CorePlugin),Set(Atom(sbt.plugins.Giter8TemplatePlugin)))
[debug] Clause(Atom(sbt.plugins.JvmPlugin),Set(Atom(sbt.plugins.MiniDependencyTreePlugin))))
[debug]   :: deduced result: Matched(sbt.plugins.CorePlugin,sbt.plugins.Giter8TemplatePlugin,sbt.plugins.IvyPlugin,sbt.plugins.JvmPlugin,sbt.plugins.MiniDependencyTreePlugin,sbt.plugins.JUnitXmlReportPlugin,sbt.plugins.SemanticdbPlugin)
[debug] Plugins.deducer#function took 2.944933 ms
[debug]               Load.resolveProject(fp2-build) took 1.384172ms
[debug]             Load.loadTransitive: finalizeProject(Project(id fp2-build, base: /home/christoph/Documents/declarativeprogramming/FP2/project, plugins: List(<none>))) took 5.044826ms
[debug] [Loading] Done in /home/christoph/Documents/declarativeprogramming/FP2/project, returning: (fp2-build)
[debug]           Load.loadUnit: loadedProjectsRaw took 6.952958ms
[debug]           Load.loadUnit: cleanEvalClasses took 0.01186ms
[debug]         Load.loadUnit(file:/home/christoph/Documents/declarativeprogramming/FP2/project/, ...) took 27.894649ms
[debug]       Load.apply: load took 29.527791ms
[debug]       Load.apply: resolveProjects took 0.14452ms
[debug]       Load.apply: finalTransforms took 15.798557ms
[debug]       Load.apply: config.delegates took 0.58992ms
[debug]       Load.apply: Def.make(settings)... took 88.090071ms
[debug]       Load.apply: structureIndex took 21.077762ms
[debug]       Load.apply: mkStreams took 0.00272ms
[info] loading project definition from /home/christoph/Documents/declarativeprogramming/FP2/project
[debug] Running task... Cancel: Signal, check cycles: false, forcegc: true
[debug]     Load.loadUnit: plugins took 248.646137ms
[debug]     Load.loadUnit: defsScala took 0.00303ms
[debug] [Loading] Scanning directory /home/christoph/Documents/declarativeprogramming/FP2
[debug]       Load.loadUnit: mkEval took 5.243816ms
[debug] [Loading] Found root project root w/ remaining 
[debug] deducing auto plugins based on known facts Set(Atom(sbt.plugins.CorePlugin)) and clauses Clauses(Clause(Atom(sbt.plugins.JvmPlugin),Set(Atom(sbt.plugins.IvyPlugin)))
[debug] Clause(Atom(sbt.ScriptedPlugin),Set(Atom(sbt.plugins.JvmPlugin)))
[debug] Clause(Atom(sbt.plugins.SbtPlugin),Set(Atom(sbt.ScriptedPlugin)))
[debug] Clause(Atom(sbt.plugins.SemanticdbPlugin),Set(Atom(sbt.plugins.JvmPlugin)))
[debug] Clause(Atom(sbt.plugins.JUnitXmlReportPlugin),Set(Atom(sbt.plugins.JvmPlugin)))
[debug] Clause(Atom(sbt.plugins.MiniDependencyTreePlugin),Set(Atom(sbt.plugins.JvmPlugin)))
[debug] Clause(Atom(sbt.plugins.CorePlugin),Set(Atom(sbt.plugins.IvyPlugin)))
[debug] Clause(Atom(sbt.plugins.IvyPlugin),Set(Atom(sbt.plugins.JvmPlugin)))
[debug] Clause(Atom(sbt.plugins.JvmPlugin),Set(Atom(sbt.plugins.SemanticdbPlugin)))
[debug] Clause(Atom(sbt.plugins.JvmPlugin),Set(Atom(sbt.plugins.JUnitXmlReportPlugin)))
[debug] Clause(Atom(sbt.plugins.CorePlugin),Set(Atom(sbt.plugins.Giter8TemplatePlugin)))
[debug] Clause(Atom(sbt.plugins.JvmPlugin),Set(Atom(sbt.plugins.MiniDependencyTreePlugin))))
[debug]   :: deduced result: Matched(sbt.plugins.CorePlugin,sbt.plugins.Giter8TemplatePlugin,sbt.plugins.IvyPlugin,sbt.plugins.JvmPlugin,sbt.plugins.MiniDependencyTreePlugin,sbt.plugins.JUnitXmlReportPlugin,sbt.plugins.SemanticdbPlugin)
[debug] Plugins.deducer#function took 1.289451 ms
[info] loading settings for project root from build.sbt ...
[debug]         Load.resolveProject(root) took 1.562152ms
[debug]       Load.loadTransitive: finalizeProject(Project(id root, base: /home/christoph/Documents/declarativeprogramming/FP2, plugins: List(<none>))) took 3.562895ms
[debug] [Loading] Done in /home/christoph/Documents/declarativeprogramming/FP2, returning: (root)
[debug]     Load.loadUnit: loadedProjectsRaw took 109.844555ms
[debug]     Load.loadUnit: cleanEvalClasses took 2.219591ms
[debug]   Load.loadUnit(file:/home/christoph/Documents/declarativeprogramming/FP2/, ...) took 361.236395ms
[debug] Load.apply: load took 362.402146ms
[debug] Load.apply: resolveProjects took 0.07584ms
[debug] Load.apply: finalTransforms took 5.645996ms
[debug] Load.apply: config.delegates took 0.33277ms
[debug] Load.apply: Def.make(settings)... took 43.483346ms
[debug] Load.apply: structureIndex took 19.930311ms
[debug] Load.apply: mkStreams took 0.00296ms
[info] set current project to FP2 (in build file:/home/christoph/Documents/declarativeprogramming/FP2/)
[debug] > Exec(sbtPopOnFailure, None, None)
[debug] > Exec(resumeFromFailure, None, None)
[debug] > Exec(notifyUsersAboutShell, None, None)
[debug] > Exec(iflast shell, None, None)
[debug] > Exec(~run, None, None)
[info] sbt server started at local:///home/christoph/.sbt/1.0/server/1317d20e69edd89aab93/sock
[debug] Writing bsp connection file
[info] started sbt server
[debug] > Exec(__runWatch console0, None, None)
[debug] > Exec(sbtStashOnFailure, None, None)
[debug] > Exec(__preWatch console0, None, None)
[debug] > Exec(run, None, None)
[debug] Evaluating tasks: Compile / run
[debug] Running task... Cancel: Signal, check cycles: false, forcegc: true
[info] compiling 3 Scala sources to /home/christoph/Documents/declarativeprogramming/FP2/target/scala-2.13/classes ...
[error] /home/christoph/Documents/declarativeprogramming/FP2/src/main/scala/FP2Exercise.scala:16:28: illegal start of simple expression
[error]   def fib(a : Int) : Int = match a {
[error]                            ^
[error] /home/christoph/Documents/declarativeprogramming/FP2/src/main/scala/FP2Exercise.scala:22:55: illegal start of simple expression
[error]     def fibtailinner(n2: Int, n1: Int, n: Int): Int = match n {
[error]                                                       ^
[error] two errors found
[error] (Compile / compileIncremental) Compilation failed
[error] Total time: 1 s, completed Mar 29, 2023, 11:48:57 AM
[debug] > Exec(resumeFromFailure, None, None)
[debug] > Exec(sbtPopOnFailure, None, None)
[debug] > Exec(__postWatch console0, None, None)
[debug] > Exec(__waitWatch console0, None, None)
