[debug] > Exec(__runWatch console0, Some(2ef0da53-3597-4c80-b6f5-0556b4a3d8ac), Some(CommandSource(console0)))
[debug] > Exec(sbtStashOnFailure, None, Some(CommandSource(console0)))
[debug] > Exec(__preWatch console0, None, Some(CommandSource(console0)))
[debug] > Exec(run, None, Some(CommandSource(console0)))
[debug] Evaluating tasks: Compile / run
[debug] Running task... Cancel: Signal, check cycles: false, forcegc: true
[info] compiling 1 Scala source to /home/christoph/Documents/declarativeprogramming/FP2/target/scala-2.13/classes ...
[error] /home/christoph/Documents/declarativeprogramming/FP2/src/main/scala/FP2Exercise.scala:15:3: expected class or object definition
[error]   def fib(a : Int) : Int = a match {
[error]   ^
[error] /home/christoph/Documents/declarativeprogramming/FP2/src/main/scala/FP2Exercise.scala:20:3: expected class or object definition
[error]   def fibTail(a : Int) : Int = {
[error]   ^
[error] /home/christoph/Documents/declarativeprogramming/FP2/src/main/scala/FP2Exercise.scala:38:3: expected class or object definition
[error]   def range(from : Int, to : Int) : List[Int] = {
[error]   ^
[error] /home/christoph/Documents/declarativeprogramming/FP2/src/main/scala/FP2Exercise.scala:56:3: expected class or object definition
[error]   def rangeTail(from : Int, to : Int) : List[Int] = {
[error]   ^
[error] /home/christoph/Documents/declarativeprogramming/FP2/src/main/scala/FP2Exercise.scala:70:3: expected class or object definition
[error]   def flatten(l : List[List[Int]]) : List[Int] = l match {
[error]   ^
[error] /home/christoph/Documents/declarativeprogramming/FP2/src/main/scala/FP2Exercise.scala:84:3: expected class or object definition
[error]   def flattenTail(l: List[List[Int]]): List[Int]
[error]   ^
[error] /home/christoph/Documents/declarativeprogramming/FP2/src/main/scala/FP2Exercise.scala:98:3: expected class or object definition
[error]   def unzip(pairList : List[(Int, Int)]) : (List[Int], List[Int])
[error]   ^
[error] /home/christoph/Documents/declarativeprogramming/FP2/src/main/scala/FP2Exercise.scala:115:3: expected class or object definition
[error]   def integerMap(a : Int, f: Int => Int) : Boolean
[error]   ^
[error] /home/christoph/Documents/declarativeprogramming/FP2/src/main/scala/FP2Exercise.scala:125:3: expected class or object definition
[error]   def isAscending(l:List[Int]): Boolean
[error]   ^
[error] /home/christoph/Documents/declarativeprogramming/FP2/src/main/scala/FP2Exercise.scala:136:3: expected class or object definition
[error]   def dotProduct(a_vec: List[Int], b_vec: List[Int]): Int
[error]   ^
[error] /home/christoph/Documents/declarativeprogramming/FP2/src/main/scala/FP2Exercise.scala:147:3: expected class or object definition
[error]   def bitwiseAnd(a: List[Int], b: List[Int]): List[Int]
[error]   ^
[error] /home/christoph/Documents/declarativeprogramming/FP2/src/main/scala/FP2Exercise.scala:160:3: expected class or object definition
[error]   def bitwiseRightShift(l: List[Int], count: Int): List[Int]
[error]   ^
[error] /home/christoph/Documents/declarativeprogramming/FP2/src/main/scala/FP2Exercise.scala:189:3: expected class or object definition
[error]   def mse(measured : List[Double], target : List[Double]) : Double
[error]   ^
[error] /home/christoph/Documents/declarativeprogramming/FP2/src/main/scala/FP2Exercise.scala:201:3: expected class or object definition
[error]   def absList(list: List[Int]): List[Int]
[error]   ^
[error] /home/christoph/Documents/declarativeprogramming/FP2/src/main/scala/FP2Exercise.scala:214:3: expected class or object definition
[error]   def absListFold(list: List[Int]): List[Int]
[error]   ^
[error] /home/christoph/Documents/declarativeprogramming/FP2/src/main/scala/FP2Exercise.scala:228:3: expected class or object definition
[error]   def keepPositive(list: List[Int]): List[Int]
[error]   ^
[error] /home/christoph/Documents/declarativeprogramming/FP2/src/main/scala/FP2Exercise.scala:243:3: expected class or object definition
[error]   def keepPositiveFold(list: List[Int]): List[Int]
[error]   ^
[error] /home/christoph/Documents/declarativeprogramming/FP2/src/main/scala/FP2Exercise.scala:255:3: expected class or object definition
[error]   def maxInPairs(pairs : List[(Int,Int)]) : List[Int]
[error]   ^
[error] /home/christoph/Documents/declarativeprogramming/FP2/src/main/scala/FP2Exercise.scala:256:3: expected class or object definition
[error]   def maxInPairsTail(pairs : List[(Int,Int)]) : List[Int]
[error]   ^
[error] /home/christoph/Documents/declarativeprogramming/FP2/src/main/scala/FP2Exercise.scala:272:3: expected class or object definition
[error]   def countChange(money: Int, coins: List[Int]): Int
[error]   ^
[error] /home/christoph/Documents/declarativeprogramming/FP2/src/main/scala/FP2Exercise.scala:285:3: expected class or object definition
[error]   def checkEvenEven(l: List[Int]): Boolean
[error]   ^
[error] /home/christoph/Documents/declarativeprogramming/FP2/src/main/scala/FP2Exercise.scala:299:3: expected class or object definition
[error]   def takeWhile(list: List[Int], pred: Int => Boolean): List[Int]
[error]   ^
[error] /home/christoph/Documents/declarativeprogramming/FP2/src/main/scala/FP2Exercise.scala:312:3: expected class or object definition
[error]   def hasRoot(start : Int, end : Int, f : Int => Int): Boolean
[error]   ^
[error] /home/christoph/Documents/declarativeprogramming/FP2/src/main/scala/FP2Exercise.scala:325:3: expected class or object definition
[error]   def fill(start : Int, end : Int, f : Int => Int) : List[Int]
[error]   ^
[error] 24 errors found
[error] (Compile / compileIncremental) Compilation failed
[error] Total time: 0 s, completed Mar 29, 2023, 5:03:38 PM
[debug] > Exec(resumeFromFailure, None, Some(CommandSource(console0)))
[debug] > Exec(sbtPopOnFailure, None, Some(CommandSource(console0)))
[debug] > Exec(__postWatch console0, None, Some(CommandSource(console0)))
[debug] > Exec(resumeFromFailure, None, None)
[debug] > Exec(__waitWatch console0, None, None)
